
build/micaz/main.exe:     file format elf32-avr

Disassembly of section .text:

00000000 <__vectors>:
   0:	0c 94 49 00 	jmp	0x92	; 0x92 <__ctors_end>
   4:	0c 94 68 00 	jmp	0xd0	; 0xd0 <__bad_interrupt>
   8:	0c 94 68 00 	jmp	0xd0	; 0xd0 <__bad_interrupt>
   c:	0c 94 68 00 	jmp	0xd0	; 0xd0 <__bad_interrupt>
  10:	0c 94 68 00 	jmp	0xd0	; 0xd0 <__bad_interrupt>
  14:	0c 94 68 00 	jmp	0xd0	; 0xd0 <__bad_interrupt>
  18:	0c 94 68 00 	jmp	0xd0	; 0xd0 <__bad_interrupt>
  1c:	0c 94 68 00 	jmp	0xd0	; 0xd0 <__bad_interrupt>
  20:	0c 94 68 00 	jmp	0xd0	; 0xd0 <__bad_interrupt>
  24:	0c 94 68 00 	jmp	0xd0	; 0xd0 <__bad_interrupt>
  28:	0c 94 68 00 	jmp	0xd0	; 0xd0 <__bad_interrupt>
  2c:	0c 94 68 00 	jmp	0xd0	; 0xd0 <__bad_interrupt>
  30:	0c 94 68 00 	jmp	0xd0	; 0xd0 <__bad_interrupt>
  34:	0c 94 68 00 	jmp	0xd0	; 0xd0 <__bad_interrupt>
  38:	0c 94 68 00 	jmp	0xd0	; 0xd0 <__bad_interrupt>
  3c:	0c 94 68 00 	jmp	0xd0	; 0xd0 <__bad_interrupt>
  40:	0c 94 68 00 	jmp	0xd0	; 0xd0 <__bad_interrupt>
  44:	0c 94 68 00 	jmp	0xd0	; 0xd0 <__bad_interrupt>
  48:	0c 94 68 00 	jmp	0xd0	; 0xd0 <__bad_interrupt>
  4c:	0c 94 68 00 	jmp	0xd0	; 0xd0 <__bad_interrupt>
  50:	0c 94 68 00 	jmp	0xd0	; 0xd0 <__bad_interrupt>
  54:	0c 94 68 00 	jmp	0xd0	; 0xd0 <__bad_interrupt>
  58:	0c 94 68 00 	jmp	0xd0	; 0xd0 <__bad_interrupt>
  5c:	0c 94 68 00 	jmp	0xd0	; 0xd0 <__bad_interrupt>
  60:	0c 94 68 00 	jmp	0xd0	; 0xd0 <__bad_interrupt>
  64:	0c 94 68 00 	jmp	0xd0	; 0xd0 <__bad_interrupt>
  68:	0c 94 68 00 	jmp	0xd0	; 0xd0 <__bad_interrupt>
  6c:	0c 94 68 00 	jmp	0xd0	; 0xd0 <__bad_interrupt>
  70:	0c 94 68 00 	jmp	0xd0	; 0xd0 <__bad_interrupt>
  74:	0c 94 68 00 	jmp	0xd0	; 0xd0 <__bad_interrupt>
  78:	0c 94 68 00 	jmp	0xd0	; 0xd0 <__bad_interrupt>
  7c:	0c 94 68 00 	jmp	0xd0	; 0xd0 <__bad_interrupt>
  80:	0c 94 68 00 	jmp	0xd0	; 0xd0 <__bad_interrupt>
  84:	0c 94 68 00 	jmp	0xd0	; 0xd0 <__bad_interrupt>
  88:	0c 94 68 00 	jmp	0xd0	; 0xd0 <__bad_interrupt>

0000008c <McuSleepC__atm128PowerBits>:
  8c:	00 08 1c 18 14 10                                   ......

00000092 <__ctors_end>:
  92:	11 24       	eor	r1, r1
  94:	1f be       	out	0x3f, r1	; 63
  96:	cf ef       	ldi	r28, 0xFF	; 255
  98:	d0 e1       	ldi	r29, 0x10	; 16
  9a:	de bf       	out	0x3e, r29	; 62
  9c:	cd bf       	out	0x3d, r28	; 61

0000009e <__do_copy_data>:
  9e:	11 e0       	ldi	r17, 0x01	; 1
  a0:	a0 e0       	ldi	r26, 0x00	; 0
  a2:	b1 e0       	ldi	r27, 0x01	; 1
  a4:	ee ed       	ldi	r30, 0xDE	; 222
  a6:	f3 e0       	ldi	r31, 0x03	; 3
  a8:	00 e0       	ldi	r16, 0x00	; 0
  aa:	0b bf       	out	0x3b, r16	; 59
  ac:	02 c0       	rjmp	.+4      	; 0xb2 <__do_copy_data+0x14>
  ae:	07 90       	elpm	r0, Z+
  b0:	0d 92       	st	X+, r0
  b2:	a0 30       	cpi	r26, 0x00	; 0
  b4:	b1 07       	cpc	r27, r17
  b6:	d9 f7       	brne	.-10     	; 0xae <__do_copy_data+0x10>

000000b8 <__do_clear_bss>:
  b8:	11 e0       	ldi	r17, 0x01	; 1
  ba:	a0 e0       	ldi	r26, 0x00	; 0
  bc:	b1 e0       	ldi	r27, 0x01	; 1
  be:	01 c0       	rjmp	.+2      	; 0xc2 <.do_clear_bss_start>

000000c0 <.do_clear_bss_loop>:
  c0:	1d 92       	st	X+, r1

000000c2 <.do_clear_bss_start>:
  c2:	a6 35       	cpi	r26, 0x56	; 86
  c4:	b1 07       	cpc	r27, r17
  c6:	e1 f7       	brne	.-8      	; 0xc0 <.do_clear_bss_loop>
  c8:	0e 94 e8 00 	call	0x1d0	; 0x1d0 <main>
  cc:	0c 94 ee 01 	jmp	0x3dc	; 0x3dc <_exit>

000000d0 <__bad_interrupt>:
  d0:	0c 94 00 00 	jmp	0	; 0x0 <__heap_end>

000000d4 <__nesc_atomic_start>:
  d4:	8f b7       	in	r24, 0x3f	; 63
  d6:	f8 94       	cli
  d8:	99 27       	eor	r25, r25
  da:	08 95       	ret

000000dc <__nesc_atomic_end>:
  dc:	8f bf       	out	0x3f, r24	; 63
  de:	08 95       	ret

000000e0 <SchedulerBasicP__Scheduler__runNextTask>:
  e0:	80 91 51 01 	lds	r24, 0x0151
  e4:	8f 3f       	cpi	r24, 0xFF	; 255
  e6:	19 f4       	brne	.+6      	; 0xee <SchedulerBasicP__Scheduler__runNextTask+0xe>
  e8:	80 e0       	ldi	r24, 0x00	; 0
  ea:	90 e0       	ldi	r25, 0x00	; 0
  ec:	08 95       	ret
  ee:	28 2f       	mov	r18, r24
  f0:	33 27       	eor	r19, r19
  f2:	f9 01       	movw	r30, r18
  f4:	e0 50       	subi	r30, 0x00	; 0
  f6:	ff 4f       	sbci	r31, 0xFF	; 255
  f8:	80 81       	ld	r24, Z
  fa:	80 93 51 01 	sts	0x0151, r24
  fe:	8f 3f       	cpi	r24, 0xFF	; 255
 100:	11 f4       	brne	.+4      	; 0x106 <SchedulerBasicP__Scheduler__runNextTask+0x26>
 102:	80 93 55 01 	sts	0x0155, r24
 106:	8f ef       	ldi	r24, 0xFF	; 255
 108:	80 83       	st	Z, r24
 10a:	90 e0       	ldi	r25, 0x00	; 0
 10c:	2f 3f       	cpi	r18, 0xFF	; 255
 10e:	09 f4       	brne	.+2      	; 0x112 <SchedulerBasicP__Scheduler__runNextTask+0x32>
 110:	91 e0       	ldi	r25, 0x01	; 1
 112:	81 e0       	ldi	r24, 0x01	; 1
 114:	98 27       	eor	r25, r24
 116:	89 2f       	mov	r24, r25
 118:	99 27       	eor	r25, r25
 11a:	08 95       	ret

0000011c <LabelServerC__LabelServer__addLabel>:
 11c:	21 e0       	ldi	r18, 0x01	; 1
 11e:	30 e0       	ldi	r19, 0x00	; 0
 120:	40 e0       	ldi	r20, 0x00	; 0
 122:	50 e0       	ldi	r21, 0x00	; 0
 124:	90 e0       	ldi	r25, 0x00	; 0
 126:	05 c0       	rjmp	.+10     	; 0x132 <LabelServerC__LabelServer__addLabel+0x16>
 128:	22 0f       	add	r18, r18
 12a:	33 1f       	adc	r19, r19
 12c:	44 1f       	adc	r20, r20
 12e:	55 1f       	adc	r21, r21
 130:	9f 5f       	subi	r25, 0xFF	; 255
 132:	96 17       	cp	r25, r22
 134:	c9 f7       	brne	.-14     	; 0x128 <LabelServerC__LabelServer__addLabel+0xc>
 136:	e8 2f       	mov	r30, r24
 138:	ff 27       	eor	r31, r31
 13a:	ee 0f       	add	r30, r30
 13c:	ff 1f       	adc	r31, r31
 13e:	ee 0f       	add	r30, r30
 140:	ff 1f       	adc	r31, r31
 142:	e0 50       	subi	r30, 0x00	; 0
 144:	ff 4f       	sbci	r31, 0xFF	; 255
 146:	80 81       	ld	r24, Z
 148:	91 81       	ldd	r25, Z+1	; 0x01
 14a:	a2 81       	ldd	r26, Z+2	; 0x02
 14c:	b3 81       	ldd	r27, Z+3	; 0x03
 14e:	82 2b       	or	r24, r18
 150:	93 2b       	or	r25, r19
 152:	a4 2b       	or	r26, r20
 154:	b5 2b       	or	r27, r21
 156:	8f 3f       	cpi	r24, 0xFF	; 255
 158:	2f ef       	ldi	r18, 0xFF	; 255
 15a:	92 07       	cpc	r25, r18
 15c:	2f ef       	ldi	r18, 0xFF	; 255
 15e:	a2 07       	cpc	r26, r18
 160:	2f ef       	ldi	r18, 0xFF	; 255
 162:	b2 07       	cpc	r27, r18
 164:	19 f4       	brne	.+6      	; 0x16c <LabelServerC__LabelServer__addLabel+0x50>
 166:	81 e0       	ldi	r24, 0x01	; 1
 168:	90 e0       	ldi	r25, 0x00	; 0
 16a:	08 95       	ret
 16c:	80 83       	st	Z, r24
 16e:	91 83       	std	Z+1, r25	; 0x01
 170:	a2 83       	std	Z+2, r26	; 0x02
 172:	b3 83       	std	Z+3, r27	; 0x03
 174:	80 e0       	ldi	r24, 0x00	; 0
 176:	90 e0       	ldi	r25, 0x00	; 0
 178:	08 95       	ret

0000017a <LabelServerC__checkTransfer>:
 17a:	a6 2f       	mov	r26, r22
 17c:	e8 2f       	mov	r30, r24
 17e:	ff 27       	eor	r31, r31
 180:	ee 0f       	add	r30, r30
 182:	ff 1f       	adc	r31, r31
 184:	ee 0f       	add	r30, r30
 186:	ff 1f       	adc	r31, r31
 188:	e0 50       	subi	r30, 0x00	; 0
 18a:	ff 4f       	sbci	r31, 0xFF	; 255
 18c:	e0 81       	ld	r30, Z
 18e:	bb 27       	eor	r27, r27
 190:	aa 0f       	add	r26, r26
 192:	bb 1f       	adc	r27, r27
 194:	aa 0f       	add	r26, r26
 196:	bb 1f       	adc	r27, r27
 198:	a0 50       	subi	r26, 0x00	; 0
 19a:	bf 4f       	sbci	r27, 0xFF	; 255
 19c:	ac 91       	ld	r26, X
 19e:	60 e0       	ldi	r22, 0x00	; 0
 1a0:	21 e0       	ldi	r18, 0x01	; 1
 1a2:	30 e0       	ldi	r19, 0x00	; 0
 1a4:	40 e0       	ldi	r20, 0x00	; 0
 1a6:	50 e0       	ldi	r21, 0x00	; 0
 1a8:	92 2f       	mov	r25, r18
 1aa:	8e 2f       	mov	r24, r30
 1ac:	82 23       	and	r24, r18
 1ae:	29 f0       	breq	.+10     	; 0x1ba <LabelServerC__checkTransfer+0x40>
 1b0:	9a 23       	and	r25, r26
 1b2:	19 f4       	brne	.+6      	; 0x1ba <LabelServerC__checkTransfer+0x40>
 1b4:	81 e0       	ldi	r24, 0x01	; 1
 1b6:	90 e0       	ldi	r25, 0x00	; 0
 1b8:	08 95       	ret
 1ba:	6f 5f       	subi	r22, 0xFF	; 255
 1bc:	60 32       	cpi	r22, 0x20	; 32
 1be:	29 f0       	breq	.+10     	; 0x1ca <LabelServerC__checkTransfer+0x50>
 1c0:	22 0f       	add	r18, r18
 1c2:	33 1f       	adc	r19, r19
 1c4:	44 1f       	adc	r20, r20
 1c6:	55 1f       	adc	r21, r21
 1c8:	ef cf       	rjmp	.-34     	; 0x1a8 <LabelServerC__checkTransfer+0x2e>
 1ca:	80 e0       	ldi	r24, 0x00	; 0
 1cc:	90 e0       	ldi	r25, 0x00	; 0
 1ce:	08 95       	ret

000001d0 <main>:
 1d0:	1f 93       	push	r17
 1d2:	1f b7       	in	r17, 0x3f	; 63
 1d4:	f8 94       	cli
 1d6:	8f ef       	ldi	r24, 0xFF	; 255
 1d8:	80 93 51 01 	sts	0x0151, r24
 1dc:	80 93 55 01 	sts	0x0155, r24
 1e0:	81 e0       	ldi	r24, 0x01	; 1
 1e2:	8e bd       	out	0x2e, r24	; 46
 1e4:	88 e0       	ldi	r24, 0x08	; 8
 1e6:	80 bf       	out	0x30, r24	; 48
 1e8:	83 e0       	ldi	r24, 0x03	; 3
 1ea:	83 bf       	out	0x33, r24	; 51
 1ec:	8c b5       	in	r24, 0x2c	; 44
 1ee:	9d b5       	in	r25, 0x2d	; 45
 1f0:	4a e7       	ldi	r20, 0x7A	; 122
 1f2:	2c b5       	in	r18, 0x2c	; 44
 1f4:	3d b5       	in	r19, 0x2d	; 45
 1f6:	28 17       	cp	r18, r24
 1f8:	39 07       	cpc	r19, r25
 1fa:	08 f4       	brcc	.+2      	; 0x1fe <main+0x2e>
 1fc:	41 50       	subi	r20, 0x01	; 1
 1fe:	44 23       	and	r20, r20
 200:	11 f0       	breq	.+4      	; 0x206 <main+0x36>
 202:	c9 01       	movw	r24, r18
 204:	f6 cf       	rjmp	.-20     	; 0x1f2 <main+0x22>
 206:	92 b7       	in	r25, 0x32	; 50
 208:	82 b7       	in	r24, 0x32	; 50
 20a:	89 17       	cp	r24, r25
 20c:	e9 f3       	breq	.-6      	; 0x208 <main+0x38>
 20e:	2c b5       	in	r18, 0x2c	; 44
 210:	3d b5       	in	r19, 0x2d	; 45
 212:	92 b7       	in	r25, 0x32	; 50
 214:	82 b7       	in	r24, 0x32	; 50
 216:	89 17       	cp	r24, r25
 218:	e9 f3       	breq	.-6      	; 0x214 <main+0x44>
 21a:	8c b5       	in	r24, 0x2c	; 44
 21c:	9d b5       	in	r25, 0x2d	; 45
 21e:	82 1b       	sub	r24, r18
 220:	93 0b       	sbc	r25, r19
 222:	40 96       	adiw	r24, 0x10	; 16
 224:	e5 e0       	ldi	r30, 0x05	; 5
 226:	96 95       	lsr	r25
 228:	87 95       	ror	r24
 22a:	ea 95       	dec	r30
 22c:	e1 f7       	brne	.-8      	; 0x226 <main+0x56>
 22e:	90 93 53 01 	sts	0x0153, r25
 232:	80 93 52 01 	sts	0x0152, r24
 236:	13 be       	out	0x33, r1	; 51
 238:	83 b7       	in	r24, 0x33	; 51
 23a:	8e bd       	out	0x2e, r24	; 46
 23c:	8e b5       	in	r24, 0x2e	; 46
 23e:	80 bf       	out	0x30, r24	; 48
 240:	12 be       	out	0x32, r1	; 50
 242:	1d bc       	out	0x2d, r1	; 45
 244:	1c bc       	out	0x2c, r1	; 44
 246:	8f ef       	ldi	r24, 0xFF	; 255
 248:	86 bf       	out	0x36, r24	; 54
 24a:	86 b7       	in	r24, 0x36	; 54
 24c:	80 93 7c 00 	sts	0x007C, r24
 250:	80 b7       	in	r24, 0x30	; 48
 252:	99 27       	eor	r25, r25
 254:	87 70       	andi	r24, 0x07	; 7
 256:	90 70       	andi	r25, 0x00	; 0
 258:	89 2b       	or	r24, r25
 25a:	d1 f7       	brne	.-12     	; 0x250 <main+0x80>
 25c:	d2 9a       	sbi	0x1a, 2	; 26
 25e:	d1 9a       	sbi	0x1a, 1	; 26
 260:	d0 9a       	sbi	0x1a, 0	; 26
 262:	da 9a       	sbi	0x1b, 2	; 27
 264:	d9 9a       	sbi	0x1b, 1	; 27
 266:	d8 9a       	sbi	0x1b, 0	; 27
 268:	15 ba       	out	0x15, r1	; 21
 26a:	8f ef       	ldi	r24, 0xFF	; 255
 26c:	84 bb       	out	0x14, r24	; 20
 26e:	d4 98       	cbi	0x1a, 4	; 26
 270:	dc 98       	cbi	0x1b, 4	; 27
 272:	0e 94 70 00 	call	0xe0	; 0xe0 <SchedulerBasicP__Scheduler__runNextTask>
 276:	88 23       	and	r24, r24
 278:	e1 f7       	brne	.-8      	; 0x272 <main+0xa2>
 27a:	0e 94 70 00 	call	0xe0	; 0xe0 <SchedulerBasicP__Scheduler__runNextTask>
 27e:	88 23       	and	r24, r24
 280:	e1 f7       	brne	.-8      	; 0x27a <main+0xaa>
 282:	81 2f       	mov	r24, r17
 284:	99 27       	eor	r25, r25
 286:	8f bf       	out	0x3f, r24	; 63
 288:	78 94       	sei
 28a:	61 e0       	ldi	r22, 0x01	; 1
 28c:	80 e0       	ldi	r24, 0x00	; 0
 28e:	0e 94 8e 00 	call	0x11c	; 0x11c <LabelServerC__LabelServer__addLabel>
 292:	62 e0       	ldi	r22, 0x02	; 2
 294:	80 e0       	ldi	r24, 0x00	; 0
 296:	0e 94 8e 00 	call	0x11c	; 0x11c <LabelServerC__LabelServer__addLabel>
 29a:	61 e0       	ldi	r22, 0x01	; 1
 29c:	81 e0       	ldi	r24, 0x01	; 1
 29e:	0e 94 8e 00 	call	0x11c	; 0x11c <LabelServerC__LabelServer__addLabel>
 2a2:	62 e0       	ldi	r22, 0x02	; 2
 2a4:	81 e0       	ldi	r24, 0x01	; 1
 2a6:	0e 94 8e 00 	call	0x11c	; 0x11c <LabelServerC__LabelServer__addLabel>
 2aa:	61 e0       	ldi	r22, 0x01	; 1
 2ac:	82 e0       	ldi	r24, 0x02	; 2
 2ae:	0e 94 8e 00 	call	0x11c	; 0x11c <LabelServerC__LabelServer__addLabel>
 2b2:	62 e0       	ldi	r22, 0x02	; 2
 2b4:	82 e0       	ldi	r24, 0x02	; 2
 2b6:	0e 94 8e 00 	call	0x11c	; 0x11c <LabelServerC__LabelServer__addLabel>
 2ba:	62 e0       	ldi	r22, 0x02	; 2
 2bc:	83 e0       	ldi	r24, 0x03	; 3
 2be:	0e 94 8e 00 	call	0x11c	; 0x11c <LabelServerC__LabelServer__addLabel>
 2c2:	61 e0       	ldi	r22, 0x01	; 1
 2c4:	82 e0       	ldi	r24, 0x02	; 2
 2c6:	0e 94 bd 00 	call	0x17a	; 0x17a <LabelServerC__checkTransfer>
 2ca:	88 23       	and	r24, r24
 2cc:	21 f4       	brne	.+8      	; 0x2d6 <main+0x106>
 2ce:	61 e0       	ldi	r22, 0x01	; 1
 2d0:	83 e0       	ldi	r24, 0x03	; 3
 2d2:	0e 94 bd 00 	call	0x17a	; 0x17a <LabelServerC__checkTransfer>
 2d6:	20 91 08 01 	lds	r18, 0x0108
 2da:	30 91 09 01 	lds	r19, 0x0109
 2de:	40 91 0a 01 	lds	r20, 0x010A
 2e2:	50 91 0b 01 	lds	r21, 0x010B
 2e6:	80 91 00 01 	lds	r24, 0x0100
 2ea:	90 91 01 01 	lds	r25, 0x0101
 2ee:	a0 91 02 01 	lds	r26, 0x0102
 2f2:	b0 91 03 01 	lds	r27, 0x0103
 2f6:	28 2b       	or	r18, r24
 2f8:	39 2b       	or	r19, r25
 2fa:	4a 2b       	or	r20, r26
 2fc:	5b 2b       	or	r21, r27
 2fe:	20 93 08 01 	sts	0x0108, r18
 302:	30 93 09 01 	sts	0x0109, r19
 306:	40 93 0a 01 	sts	0x010A, r20
 30a:	50 93 0b 01 	sts	0x010B, r21
 30e:	60 91 54 01 	lds	r22, 0x0154
 312:	e6 2f       	mov	r30, r22
 314:	ff 27       	eor	r31, r31
 316:	ee 0f       	add	r30, r30
 318:	ff 1f       	adc	r31, r31
 31a:	ee 0f       	add	r30, r30
 31c:	ff 1f       	adc	r31, r31
 31e:	e0 50       	subi	r30, 0x00	; 0
 320:	ff 4f       	sbci	r31, 0xFF	; 255
 322:	80 81       	ld	r24, Z
 324:	91 81       	ldd	r25, Z+1	; 0x01
 326:	a2 81       	ldd	r26, Z+2	; 0x02
 328:	b3 81       	ldd	r27, Z+3	; 0x03
 32a:	28 2b       	or	r18, r24
 32c:	39 2b       	or	r19, r25
 32e:	4a 2b       	or	r20, r26
 330:	5b 2b       	or	r21, r27
 332:	20 93 08 01 	sts	0x0108, r18
 336:	30 93 09 01 	sts	0x0109, r19
 33a:	40 93 0a 01 	sts	0x010A, r20
 33e:	50 93 0b 01 	sts	0x010B, r21
 342:	60 93 50 01 	sts	0x0150, r22
 346:	8f b7       	in	r24, 0x3f	; 63
 348:	f8 94       	cli
 34a:	48 2f       	mov	r20, r24
 34c:	55 27       	eor	r21, r21
 34e:	2f c0       	rjmp	.+94     	; 0x3ae <main+0x1de>
 350:	87 b7       	in	r24, 0x37	; 55
 352:	88 7b       	andi	r24, 0xB8	; 184
 354:	c1 f4       	brne	.+48     	; 0x386 <main+0x1b6>
 356:	80 91 7d 00 	lds	r24, 0x007D
 35a:	8b 7f       	andi	r24, 0xFB	; 251
 35c:	a1 f4       	brne	.+40     	; 0x386 <main+0x1b6>
 35e:	6e 99       	sbic	0x0d, 6	; 13
 360:	12 c0       	rjmp	.+36     	; 0x386 <main+0x1b6>
 362:	8a b1       	in	r24, 0x0a	; 10
 364:	90 91 9a 00 	lds	r25, 0x009A
 368:	89 2b       	or	r24, r25
 36a:	88 71       	andi	r24, 0x18	; 24
 36c:	61 f4       	brne	.+24     	; 0x386 <main+0x1b6>
 36e:	80 91 74 00 	lds	r24, 0x0074
 372:	82 fd       	sbrc	r24, 2
 374:	08 c0       	rjmp	.+16     	; 0x386 <main+0x1b6>
 376:	37 9b       	sbis	0x06, 7	; 6
 378:	03 c0       	rjmp	.+6      	; 0x380 <main+0x1b0>
 37a:	e1 e0       	ldi	r30, 0x01	; 1
 37c:	f0 e0       	ldi	r31, 0x00	; 0
 37e:	05 c0       	rjmp	.+10     	; 0x38a <main+0x1ba>
 380:	e5 e0       	ldi	r30, 0x05	; 5
 382:	f0 e0       	ldi	r31, 0x00	; 0
 384:	02 c0       	rjmp	.+4      	; 0x38a <main+0x1ba>
 386:	e0 e0       	ldi	r30, 0x00	; 0
 388:	f0 e0       	ldi	r31, 0x00	; 0
 38a:	85 b7       	in	r24, 0x35	; 53
 38c:	e6 30       	cpi	r30, 0x06	; 6
 38e:	08 f0       	brcs	.+2      	; 0x392 <main+0x1c2>
 390:	e5 e0       	ldi	r30, 0x05	; 5
 392:	ff 27       	eor	r31, r31
 394:	e4 57       	subi	r30, 0x74	; 116
 396:	ff 4f       	sbci	r31, 0xFF	; 255
 398:	e4 91       	lpm	r30, Z
 39a:	83 7e       	andi	r24, 0xE3	; 227
 39c:	80 62       	ori	r24, 0x20	; 32
 39e:	e8 2b       	or	r30, r24
 3a0:	e5 bf       	out	0x35, r30	; 53
 3a2:	78 94       	sei
 3a4:	88 95       	sleep
 3a6:	f8 94       	cli
 3a8:	85 b7       	in	r24, 0x35	; 53
 3aa:	8f 7d       	andi	r24, 0xDF	; 223
 3ac:	85 bf       	out	0x35, r24	; 53
 3ae:	80 91 51 01 	lds	r24, 0x0151
 3b2:	8f 3f       	cpi	r24, 0xFF	; 255
 3b4:	69 f2       	breq	.-102    	; 0x350 <main+0x180>
 3b6:	28 2f       	mov	r18, r24
 3b8:	33 27       	eor	r19, r19
 3ba:	f9 01       	movw	r30, r18
 3bc:	e0 50       	subi	r30, 0x00	; 0
 3be:	ff 4f       	sbci	r31, 0xFF	; 255
 3c0:	80 81       	ld	r24, Z
 3c2:	80 93 51 01 	sts	0x0151, r24
 3c6:	8f 3f       	cpi	r24, 0xFF	; 255
 3c8:	11 f4       	brne	.+4      	; 0x3ce <main+0x1fe>
 3ca:	80 93 55 01 	sts	0x0155, r24
 3ce:	8f ef       	ldi	r24, 0xFF	; 255
 3d0:	80 83       	st	Z, r24
 3d2:	2f 3f       	cpi	r18, 0xFF	; 255
 3d4:	09 f4       	brne	.+2      	; 0x3d8 <main+0x208>
 3d6:	bc cf       	rjmp	.-136    	; 0x350 <main+0x180>
 3d8:	4f bf       	out	0x3f, r20	; 63
 3da:	b5 cf       	rjmp	.-150    	; 0x346 <main+0x176>

000003dc <_exit>:
 3dc:	ff cf       	rjmp	.-2      	; 0x3dc <_exit>
